<?xml version="1.0" encoding="UTF-8"?>
<!-- Generated by org.testng.reporters.JUnitReportReporter -->
<testsuite skipped="0" hostname="opuser-ThinkPad-T430" name="com.pCloudy.testNG.Runner6" tests="1" failures="0" timestamp="20 Jul 2019 15:12:19 GMT" time="71.574" errors="0">
  <testcase name="Test" time="71.574" classname="com.pCloudy.testNG.Runner6"/>
</testsuite> <!-- com.pCloudy.testNG.Runner6 -->
