<?xml version="1.0" encoding="UTF-8"?>
<!-- Generated by org.testng.reporters.JUnitReportReporter -->
<testsuite skipped="0" hostname="opuser-ThinkPad-T430" name="com.pCloudy.testNG.PCloudy_API_Capability" tests="1" failures="0" timestamp="22 Jul 2019 11:16:06 GMT" time="97.155" errors="0">
  <testcase name="Test" time="97.155" classname="com.pCloudy.testNG.PCloudy_API_Capability"/>
</testsuite> <!-- com.pCloudy.testNG.PCloudy_API_Capability -->
