<?xml version="1.0" encoding="UTF-8"?>
<!-- Generated by org.testng.reporters.JUnitReportReporter -->
<testsuite skipped="0" hostname="opuser-ThinkPad-T430" name="com.pCloudy.testNG.Runner" tests="1" failures="0" timestamp="05 Aug 2019 09:13:08 GMT" time="91.257" errors="0">
  <testcase name="Test" time="91.257" classname="com.pCloudy.testNG.Runner"/>
</testsuite> <!-- com.pCloudy.testNG.Runner -->
